<testsuites disabled="0" errors="0" failures="0" tests="2128" time="5370.654983997345">
<testsuite disabled="0" errors="0" failures="0" name="test-suite-name" skipped="1851" tests="2128" time="5370.654983997345">
<testcase classname="classname-example" name="include_role : collect-ansible-facts" time="0.209618">
<skipped message="Conditional result was False" type="skipped"/>
</testcase>
</testsuite>
</testsuites>